0 info it worked if it ends with ok
1 verbose cli [ '/usr/bin/nodejs',
1 verbose cli   '/usr/bin/npm',
1 verbose cli   'install',
1 verbose cli   '-g',
1 verbose cli   'bower',
1 verbose cli   './' ]
2 info using npm@1.4.21
3 info using node@v0.10.29
4 verbose cache add [ 'bower', null ]
5 verbose cache add name=undefined spec="bower" args=["bower",null]
6 verbose parsed url { protocol: null,
6 verbose parsed url   slashes: null,
6 verbose parsed url   auth: null,
6 verbose parsed url   host: null,
6 verbose parsed url   port: null,
6 verbose parsed url   hostname: null,
6 verbose parsed url   hash: null,
6 verbose parsed url   search: null,
6 verbose parsed url   query: null,
6 verbose parsed url   pathname: 'bower',
6 verbose parsed url   path: 'bower',
6 verbose parsed url   href: 'bower' }
7 verbose cache add [ './', null ]
8 verbose cache add name=undefined spec="./" args=["./",null]
9 verbose parsed url { protocol: null,
9 verbose parsed url   slashes: null,
9 verbose parsed url   auth: null,
9 verbose parsed url   host: null,
9 verbose parsed url   port: null,
9 verbose parsed url   hostname: null,
9 verbose parsed url   hash: null,
9 verbose parsed url   search: null,
9 verbose parsed url   query: null,
9 verbose parsed url   pathname: './',
9 verbose parsed url   path: './',
9 verbose parsed url   href: './' }
10 silly lockFile 206e3ce5-bower bower
11 verbose lock bower /home/alltiptop/.npm/206e3ce5-bower.lock
12 silly lockFile 0ee6c175- ./
13 verbose lock ./ /home/alltiptop/.npm/0ee6c175-.lock
14 silly lockFile 206e3ce5-bower bower
15 silly lockFile 206e3ce5-bower bower
16 verbose addNamed [ 'bower', '' ]
17 verbose addNamed [ null, '*' ]
18 silly lockFile 1240aab1-bower bower@
19 verbose lock bower@ /home/alltiptop/.npm/1240aab1-bower.lock
20 silly addNameRange { name: 'bower', range: '*', hasData: false }
21 verbose request where is /bower
22 verbose request registry https://registry.npmjs.org/
23 verbose request id eb3d2d482332dd49
24 verbose url raw /bower
25 verbose url resolving [ 'https://registry.npmjs.org/', './bower' ]
26 verbose url resolved https://registry.npmjs.org/bower
27 verbose request where is https://registry.npmjs.org/bower
28 info trying registry request attempt 1 at 19:16:20
29 http GET https://registry.npmjs.org/bower
30 verbose tar pack [ '/home/alltiptop/.npm/inspinia/0.0.0/package.tgz', './' ]
31 verbose tarball /home/alltiptop/.npm/inspinia/0.0.0/package.tgz
32 verbose folder ./
33 info prepublish inspinia@0.0.0
34 silly lockFile 04cb2bca-tar tar://./
35 verbose lock tar://./ /home/alltiptop/.npm/04cb2bca-tar.lock
36 silly lockFile fd5110ee-p-npm-inspinia-0-0-0-package-tgz tar:///home/alltiptop/.npm/inspinia/0.0.0/package.tgz
37 verbose lock tar:///home/alltiptop/.npm/inspinia/0.0.0/package.tgz /home/alltiptop/.npm/fd5110ee-p-npm-inspinia-0-0-0-package-tgz.lock
38 http 200 https://registry.npmjs.org/bower
39 silly registry.get cb [ 200,
39 silly registry.get   { server: 'CouchDB/1.5.0 (Erlang OTP/R16B03)',
39 silly registry.get     etag: '"2DO4TXGIB6P2EB5Z48L05AFL6"',
39 silly registry.get     'content-type': 'application/json',
39 silly registry.get     'content-encoding': 'gzip',
39 silly registry.get     'cache-control': 'max-age=300',
39 silly registry.get     'content-length': '20384',
39 silly registry.get     'accept-ranges': 'bytes',
39 silly registry.get     date: 'Wed, 27 Apr 2016 15:16:20 GMT',
39 silly registry.get     via: '1.1 varnish',
39 silly registry.get     age: '266',
39 silly registry.get     connection: 'keep-alive',
39 silly registry.get     'x-served-by': 'cache-ams4123-AMS',
39 silly registry.get     'x-cache': 'HIT',
39 silly registry.get     'x-cache-hits': '5',
39 silly registry.get     'x-timer': 'S1461770180.442512,VS0,VE0',
39 silly registry.get     vary: 'Accept-Encoding' } ]
40 silly addNameRange number 2 { name: 'bower', range: '*', hasData: true }
41 silly addNameRange versions [ 'bower',
41 silly addNameRange   [ '0.1.0',
41 silly addNameRange     '0.1.2',
41 silly addNameRange     '0.1.3',
41 silly addNameRange     '0.2.0',
41 silly addNameRange     '0.3.0',
41 silly addNameRange     '0.3.1',
41 silly addNameRange     '0.3.2',
41 silly addNameRange     '0.4.0',
41 silly addNameRange     '0.5.0',
41 silly addNameRange     '0.5.1',
41 silly addNameRange     '0.6.0',
41 silly addNameRange     '0.6.1',
41 silly addNameRange     '0.6.2',
41 silly addNameRange     '0.6.3',
41 silly addNameRange     '0.6.4',
41 silly addNameRange     '0.6.5',
41 silly addNameRange     '0.6.6',
41 silly addNameRange     '0.6.7',
41 silly addNameRange     '0.6.8',
41 silly addNameRange     '0.7.0',
41 silly addNameRange     '0.7.1',
41 silly addNameRange     '0.8.0',
41 silly addNameRange     '0.8.1',
41 silly addNameRange     '0.8.2',
41 silly addNameRange     '0.8.3',
41 silly addNameRange     '0.8.4',
41 silly addNameRange     '0.8.5',
41 silly addNameRange     '0.8.6',
41 silly addNameRange     '0.9.0',
41 silly addNameRange     '0.9.1',
41 silly addNameRange     '0.9.2',
41 silly addNameRange     '0.10.0',
41 silly addNameRange     '1.0.0',
41 silly addNameRange     '1.0.1',
41 silly addNameRange     '1.0.2',
41 silly addNameRange     '1.0.3',
41 silly addNameRange     '1.1.0',
41 silly addNameRange     '1.1.1',
41 silly addNameRange     '1.1.2',
41 silly addNameRange     '1.2.0',
41 silly addNameRange     '1.2.1',
41 silly addNameRange     '1.2.2',
41 silly addNameRange     '1.2.3',
41 silly addNameRange     '1.2.4',
41 silly addNameRange     '1.2.5',
41 silly addNameRange     '1.2.6',
41 silly addNameRange     '1.2.7',
41 silly addNameRange     '1.2.8',
41 silly addNameRange     '1.3.0',
41 silly addNameRange     '1.3.1',
41 silly addNameRange     '1.3.2',
41 silly addNameRange     '1.3.3',
41 silly addNameRange     '1.3.4',
41 silly addNameRange     '1.3.5',
41 silly addNameRange     '1.3.6',
41 silly addNameRange     '1.3.7',
41 silly addNameRange     '1.3.8',
41 silly addNameRange     '1.3.9',
41 silly addNameRange     '1.3.10',
41 silly addNameRange     '1.3.11',
41 silly addNameRange     '1.3.12',
41 silly addNameRange     '1.4.0',
41 silly addNameRange     '1.4.1',
41 silly addNameRange     '1.5.0',
41 silly addNameRange     '1.5.1',
41 silly addNameRange     '1.5.2',
41 silly addNameRange     '1.5.3',
41 silly addNameRange     '1.6.2',
41 silly addNameRange     '1.6.3',
41 silly addNameRange     '1.6.4',
41 silly addNameRange     '1.6.5',
41 silly addNameRange     '1.5.4',
41 silly addNameRange     '1.4.2',
41 silly addNameRange     '1.6.6',
41 silly addNameRange     '1.6.7',
41 silly addNameRange     '1.6.8',
41 silly addNameRange     '1.6.9',
41 silly addNameRange     '1.7.0',
41 silly addNameRange     '1.7.1',
41 silly addNameRange     '1.7.2',
41 silly addNameRange     '1.7.5',
41 silly addNameRange     '1.7.6',
41 silly addNameRange     '1.7.7',
41 silly addNameRange     '1.7.8',
41 silly addNameRange     '1.7.9' ] ]
42 verbose addNamed [ 'bower', '1.7.9' ]
43 verbose addNamed [ '1.7.9', '1.7.9' ]
44 silly lockFile c07be986-bower-1-7-9 bower@1.7.9
45 verbose lock bower@1.7.9 /home/alltiptop/.npm/c07be986-bower-1-7-9.lock
46 silly lockFile 1539c588--npmjs-org-bower-bower-1-7-9-tgz https://registry.npmjs.org/bower/-/bower-1.7.9.tgz
47 verbose lock https://registry.npmjs.org/bower/-/bower-1.7.9.tgz /home/alltiptop/.npm/1539c588--npmjs-org-bower-bower-1-7-9-tgz.lock
48 verbose addRemoteTarball [ 'https://registry.npmjs.org/bower/-/bower-1.7.9.tgz',
48 verbose addRemoteTarball   'b7296c2393e0d75edaa6ca39648132dd255812b0' ]
49 info retry fetch attempt 1 at 19:16:20
50 verbose fetch to= /tmp/npm-10333-BeJvotx8/registry.npmjs.org/bower/-/bower-1.7.9.tgz
51 http GET https://registry.npmjs.org/bower/-/bower-1.7.9.tgz
52 http 200 https://registry.npmjs.org/bower/-/bower-1.7.9.tgz
53 silly lockFile 1539c588--npmjs-org-bower-bower-1-7-9-tgz https://registry.npmjs.org/bower/-/bower-1.7.9.tgz
54 silly lockFile 1539c588--npmjs-org-bower-bower-1-7-9-tgz https://registry.npmjs.org/bower/-/bower-1.7.9.tgz
55 silly lockFile c07be986-bower-1-7-9 bower@1.7.9
56 silly lockFile c07be986-bower-1-7-9 bower@1.7.9
57 silly lockFile 1240aab1-bower bower@
58 silly lockFile 1240aab1-bower bower@
59 silly lockFile 04cb2bca-tar tar://./
60 silly lockFile 04cb2bca-tar tar://./
61 silly lockFile fd5110ee-p-npm-inspinia-0-0-0-package-tgz tar:///home/alltiptop/.npm/inspinia/0.0.0/package.tgz
62 silly lockFile fd5110ee-p-npm-inspinia-0-0-0-package-tgz tar:///home/alltiptop/.npm/inspinia/0.0.0/package.tgz
63 silly lockFile 8e4fecfa-iptop-npm-inspinia-0-0-0-package /home/alltiptop/.npm/inspinia/0.0.0/package
64 verbose lock /home/alltiptop/.npm/inspinia/0.0.0/package /home/alltiptop/.npm/8e4fecfa-iptop-npm-inspinia-0-0-0-package.lock
65 silly lockFile 8e4fecfa-iptop-npm-inspinia-0-0-0-package /home/alltiptop/.npm/inspinia/0.0.0/package
66 silly lockFile 8e4fecfa-iptop-npm-inspinia-0-0-0-package /home/alltiptop/.npm/inspinia/0.0.0/package
67 silly lockFile 0ee6c175- ./
68 silly lockFile 0ee6c175- ./
69 silly resolved [ { name: 'bower',
69 silly resolved     version: '1.7.9',
69 silly resolved     description: 'The browser package manager',
69 silly resolved     author: { name: 'Twitter' },
69 silly resolved     license: 'MIT',
69 silly resolved     repository: { type: 'git', url: 'git+https://github.com/bower/bower.git' },
69 silly resolved     main: 'lib',
69 silly resolved     bin: { bower: 'bin/bower' },
69 silly resolved     homepage: 'http://bower.io',
69 silly resolved     engines: { node: '>=0.10.0' },
69 silly resolved     keywords: [ 'bower' ],
69 silly resolved     files: [ 'bin', 'lib' ],
69 silly resolved     bugs: { url: 'https://github.com/bower/bower/issues' },
69 silly resolved     _id: 'bower@1.7.9',
69 silly resolved     scripts: {},
69 silly resolved     _shasum: 'b7296c2393e0d75edaa6ca39648132dd255812b0',
69 silly resolved     _from: 'bower@',
69 silly resolved     _npmVersion: '3.7.3',
69 silly resolved     _nodeVersion: '5.9.0',
69 silly resolved     _npmUser: { name: 'sheerun', email: 'sheerun@sher.pl' },
69 silly resolved     dist:
69 silly resolved      { shasum: 'b7296c2393e0d75edaa6ca39648132dd255812b0',
69 silly resolved        tarball: 'https://registry.npmjs.org/bower/-/bower-1.7.9.tgz' },
69 silly resolved     maintainers:
69 silly resolved      [ [Object],
69 silly resolved        [Object],
69 silly resolved        [Object],
69 silly resolved        [Object],
69 silly resolved        [Object],
69 silly resolved        [Object],
69 silly resolved        [Object] ],
69 silly resolved     _npmOperationalInternal:
69 silly resolved      { host: 'packages-12-west.internal.npmjs.com',
69 silly resolved        tmp: 'tmp/bower-1.7.9.tgz_1459857239351_0.9720134933013469' },
69 silly resolved     directories: {},
69 silly resolved     _resolved: 'https://registry.npmjs.org/bower/-/bower-1.7.9.tgz' },
69 silly resolved   { name: 'inspinia',
69 silly resolved     version: '0.0.0',
69 silly resolved     dependencies: {},
69 silly resolved     scripts: { test: 'gulp test' },
69 silly resolved     devDependencies:
69 silly resolved      { estraverse: '~4.1.0',
69 silly resolved        gulp: '~3.9.0',
69 silly resolved        'gulp-autoprefixer': '~3.0.2',
69 silly resolved        'gulp-angular-templatecache': '~1.8.0',
69 silly resolved        del: '~2.0.2',
69 silly resolved        lodash: '~3.10.1',
69 silly resolved        'gulp-minify-css': '~1.2.1',
69 silly resolved        'gulp-filter': '~3.0.1',
69 silly resolved        'gulp-flatten': '~0.2.0',
69 silly resolved        'gulp-eslint': '~1.0.0',
69 silly resolved        'eslint-plugin-angular': '~0.12.0',
69 silly resolved        'gulp-load-plugins': '~0.10.0',
69 silly resolved        'gulp-size': '~2.0.0',
69 silly resolved        'gulp-uglify': '~1.4.1',
69 silly resolved        'gulp-useref': '~1.3.0',
69 silly resolved        'gulp-util': '~3.0.6',
69 silly resolved        'gulp-ng-annotate': '~1.1.0',
69 silly resolved        'gulp-replace': '~0.5.4',
69 silly resolved        'gulp-rename': '~1.2.2',
69 silly resolved        'gulp-rev': '~6.0.1',
69 silly resolved        'gulp-rev-replace': '~0.4.2',
69 silly resolved        'gulp-minify-html': '~1.0.4',
69 silly resolved        'gulp-inject': '~3.0.0',
69 silly resolved        'gulp-protractor': '~1.0.0',
69 silly resolved        'gulp-sourcemaps': '~1.6.0',
69 silly resolved        'gulp-less': '~3.0.3',
69 silly resolved        'gulp-angular-filesort': '~1.1.1',
69 silly resolved        'main-bower-files': '~2.9.0',
69 silly resolved        wiredep: '~2.2.2',
69 silly resolved        karma: '~0.13.10',
69 silly resolved        'karma-jasmine': '~0.3.6',
69 silly resolved        'karma-phantomjs-launcher': '~0.2.1',
69 silly resolved        phantomjs: '~1.9.18',
69 silly resolved        'karma-angular-filesort': '~1.0.0',
69 silly resolved        'karma-coverage': '~0.5.2',
69 silly resolved        'karma-ng-html2js-preprocessor': '~0.2.0',
69 silly resolved        'browser-sync': '~2.9.11',
69 silly resolved        'browser-sync-spa': '~1.0.3',
69 silly resolved        'http-proxy-middleware': '~0.9.0',
69 silly resolved        chalk: '~1.1.1',
69 silly resolved        'uglify-save-license': '~0.4.1',
69 silly resolved        wrench: '~1.5.8' },
69 silly resolved     engines: { node: '>=0.10.0' },
69 silly resolved     readme: 'To run Angular Seed Project Gulp you will need a node instaled in your environment. If you don\'t have a node.js please go to this site http://nodejs.org and download and install proper version.\n\nNext you will need to install gulp\n\n \nnpm install -g gulp\n \nNext you will need to install bower\n\n \nnpm install -g bower\n \nAnd after that go to Angular Seed Project Gulp and run those commands to get all dependencies:\n\n \nnpm install\nbower install\n \nGulp file is based on angular gulp generator (https://github.com/Swiip/generator-gulp-angular). There are few main task that you can do:\n\ngulp or gulp build to build an optimized version of your application in /dist\ngulp serve to launch a browser sync server on your source files\ngulp serve:dist to launch a server on your optimized application\ngulp test to launch your unit tests with Karma\ngulp test:auto to launch your unit tests with Karma in watch mode\ngulp protractor to launch your e2e tests with Protractor\ngulp protractor:dist to launch your e2e tests with Protractor on the dist files\nIn bower.js file there are specify needed resources for Seed Project.',
69 silly resolved     readmeFilename: 'README.md',
69 silly resolved     gitHead: '16810e9cbb93d49e20881a47847cdd0500894e37',
69 silly resolved     description: 'To run Angular Seed Project Gulp you will need a node instaled in your environment. If you don\'t have a node.js please go to this site http://nodejs.org and download and install proper version.',
69 silly resolved     _id: 'inspinia@0.0.0',
69 silly resolved     _shasum: 'd1c1675c3588229e5f4b9d707d5464ea21177449',
69 silly resolved     _from: './' } ]
70 info install bower@1.7.9 into /usr/local/lib
71 info install inspinia@0.0.0 into /usr/local/lib
72 info installOne bower@1.7.9
73 info installOne inspinia@0.0.0
74 verbose lib/node_modules/inspinia unbuild
75 verbose lib/node_modules/bower unbuild
76 verbose tar unpack /home/alltiptop/.npm/inspinia/0.0.0/package.tgz
77 silly lockFile 2cb20149--local-lib-node-modules-inspinia tar:///usr/local/lib/node_modules/inspinia
78 verbose lock tar:///usr/local/lib/node_modules/inspinia /home/alltiptop/.npm/2cb20149--local-lib-node-modules-inspinia.lock
79 silly lockFile fd5110ee-p-npm-inspinia-0-0-0-package-tgz tar:///home/alltiptop/.npm/inspinia/0.0.0/package.tgz
80 verbose lock tar:///home/alltiptop/.npm/inspinia/0.0.0/package.tgz /home/alltiptop/.npm/fd5110ee-p-npm-inspinia-0-0-0-package-tgz.lock
81 info preuninstall bower@1.7.9
82 info uninstall bower@1.7.9
83 silly gunzTarPerm modes [ '755', '644' ]
84 verbose true,/usr/local/lib/node_modules,/usr/local/lib/node_modules unbuild bower@1.7.9
85 verbose /usr/local/bin,[object Object] binRoot
86 verbose lib/node_modules/bower unbuild
87 error Error: EACCES, mkdir '/usr/local/lib/node_modules/inspinia'
87 error  { [Error: EACCES, mkdir '/usr/local/lib/node_modules/inspinia']
87 error   errno: 3,
87 error   code: 'EACCES',
87 error   path: '/usr/local/lib/node_modules/inspinia',
87 error   fstream_type: 'Directory',
87 error   fstream_path: '/usr/local/lib/node_modules/inspinia',
87 error   fstream_class: 'DirWriter',
87 error   fstream_stack:
87 error    [ '/usr/lib/nodejs/fstream/lib/dir-writer.js:36:23',
87 error      '/usr/lib/nodejs/mkdirp/index.js:46:53',
87 error      'Object.oncomplete (fs.js:107:15)' ] }
88 error Please try running this command again as root/Administrator.
89 error System Linux 4.4.0-0.bpo.1-amd64
90 error command "/usr/bin/nodejs" "/usr/bin/npm" "install" "-g" "bower" "./"
91 error cwd /mnt/media/alltiptop/Разработка/crm-ui-ng
92 error node -v v0.10.29
93 error npm -v 1.4.21
94 error path /usr/local/lib/node_modules/inspinia
95 error fstream_path /usr/local/lib/node_modules/inspinia
96 error fstream_type Directory
97 error fstream_class DirWriter
98 error code EACCES
99 error errno 3
100 error stack Error: EACCES, mkdir '/usr/local/lib/node_modules/inspinia'
101 error fstream_stack /usr/lib/nodejs/fstream/lib/dir-writer.js:36:23
101 error fstream_stack /usr/lib/nodejs/mkdirp/index.js:46:53
101 error fstream_stack Object.oncomplete (fs.js:107:15)
102 verbose exit [ 3, true ]
